android/app/build/outputs/mapping/release/seeds.txt
id.ac.upskilling.android.MainActivity
id.ac.upskilling.android.MainActivity: MainActivity()
...
com.stripe.android.model.PaymentMethodOptionsParams$Card: android.os.Parcelable$Creator CREATOR
com.pichillilorenzo.flutter_inappwebview_android.R$styleable: int ColorStateListItem_alpha
com.pichillilorenzo.flutter_inappwebview_android.webview.WebViewChannelDelegateMethods: com.pichillilorenzo.flutter_inappwebview_android.webview.WebViewChannelDelegateMethods getCopyBackForwardList
com.pichillilorenzo.flutter_inappwebview_android.R$styleable: int AppCompatTheme_editTextColor
com.pichillilorenzo.flutter_inappwebview_android.in_app_browser.InAppBrowserSettings: java.lang.Boolean closeOnCannotGoBack
com.stripe.android.ui.core.elements.SharedDataSpec: com.stripe.android.ui.core.elements.SharedDataSpec$Companion Companion
com.pichillilorenzo.flutter_inappwebview_android.chrome_custom_tabs.CustomTabActivityHelper: androidx.browser.customtabs.CustomTabsCallback mCustomTabsCallback
com.pichillilorenzo.flutter_inappwebview_android.types.WebResourceErrorExt: java.lang.String description
com.stripe.android.model.SourceParams: android.os.Parcelable$Creator CREATOR
com.pichillilorenzo.flutter_inappwebview_android.R$styleable: int AppCompatTheme_toolbarStyle
com.pichillilorenzo.flutter_inappwebview_android.R$string: int abc_toolbar_collapse_description
com.google.android.gms.wallet.PaymentCardRecognitionIntentResponse: android.os.Parcelable$Creator CREATOR
androidx.browser.customtabs.CustomTabsCallback: int ACTIVITY_LAYOUT_STATE_SIDE_SHEET
com.stripe.android.financialconnections.model.LegalDetailsBody: com.stripe.android.financialconnections.model.LegalDetailsBody$Companion Companion
com.pichillilorenzo.flutter_inappwebview_android.webview.web_message.WebMessageListener$1: com.pichillilorenzo.flutter_inappwebview_android.webview.web_message.WebMessageListener this$0
com.pichillilorenzo.flutter_inappwebview_android.webview.in_app_webview.InAppWebViewClientCompat$1: java.util.Map val$headers
com.pichillilorenzo.flutter_inappwebview_android.R$styleable: int AppCompatTheme_colorError
FinancialConnectionsGenericInfoScreen$Body$Entry$Bullets: android.os.Parcelable$Creator CREATOR
com.stripe.android.model.CardParams: android.os.Parcelable$Creator CREATOR
com.pichillilorenzo.flutter_inappwebview_android.R$string: int abc_prepend_shortcut_label
com.pichillilorenzo.flutter_inappwebview_android.headless_in_app_webview.HeadlessInAppWebView: java.lang.String METHOD_CHANNEL_NAME_PREFIX
com.pichillilorenzo.flutter_inappwebview_android.R$dimen: int highlight_alpha_material_colored
com.pichillilorenzo.flutter_inappwebview_android.webview.in_app_webview.InAppWebViewChromeClient: java.util.Map dialogs
com.pichillilorenzo.flutter_inappwebview_android.R$styleable: int View_android_theme
com.pichillilorenzo.flutter_inappwebview_android.R$attr: int controlBackground
com.pichillilorenzo.flutter_inappwebview_android.R$attr: int finishSecondaryWithPrimary
com.stripe.android.financialconnections.FinancialConnectionsSheetForTokenResult$Failed: android.os.Parcelable$Creator CREATOR
io.flutter.embedding.engine.FlutterJNI: android.os.Looper mainLooper
com.pichillilorenzo.flutter_inappwebview_android.webview.in_app_webview.InAppWebView: java.lang.Runnable checkScrollStoppedTask
com.stripe.android.model.PaymentMethodUpdateParams$Card$Networks: android.os.Parcelable$Creator CREATOR
com.pichillilorenzo.flutter_inappwebview_android.content_blocker.ContentBlockerActionType: com.pichillilorenzo.flutter_inappwebview_android.content_blocker.ContentBlockerActionType[] $VALUES
com.pichillilorenzo.flutter_inappwebview_android.webview.InAppWebViewManager$3: io.flutter.plugin.common.MethodChannel$Result val$result
com.google.android.gms.wallet.zzau: android.os.Parcelable$Creator CREATOR
com.pichillilorenzo.flutter_inappwebview_android.R$style: int TextAppearance_AppCompat_Widget_Button_Colored
com.pichillilorenzo.flutter_inappwebview_android.R$attr: int listDividerAlertDialog
com.pichillilorenzo.flutter_inappwebview_android.R$styleable: int TextAppearance_fontVariationSettings